<?xml version="1.0" encoding="UTF-8"?>
<!-- Generated by org.testng.reporters.JUnitReportReporter -->
<testsuite skipped="0" hostname="DESKTOP-66NPI4H" name="batchExecutionOfShoppinginTetsNG.BlinkIt" tests="1" failures="0" timestamp="2023-01-03T13:27:46 IST" time="8.262" errors="0">
  <testcase name="Purchase" time="8.262" classname="batchExecutionOfShoppinginTetsNG.BlinkIt"/>
  <system-out/>
</testsuite> <!-- batchExecutionOfShoppinginTetsNG.BlinkIt -->
