<?xml version="1.0" encoding="UTF-8"?>
<!-- Generated by org.testng.reporters.JUnitReportReporter -->
<testsuite skipped="0" hostname="DESKTOP-66NPI4H" name="testNG.RegisterwithDemoWebShop" tests="3" failures="0" timestamp="2023-01-11T21:28:09 IST" time="26.547" errors="0">
  <testcase name="createuser" time="6.903" classname="testNG.RegisterwithDemoWebShop"/>
  <system-out/>
  <testcase name="createuser" time="8.624" classname="testNG.RegisterwithDemoWebShop"/>
  <system-out/>
  <testcase name="createuser" time="11.020" classname="testNG.RegisterwithDemoWebShop"/>
  <system-out/>
</testsuite> <!-- testNG.RegisterwithDemoWebShop -->
