<?xml version="1.0" encoding="UTF-8"?>
<!-- Generated by org.testng.reporters.JUnitReportReporter -->
<testsuite skipped="0" hostname="DESKTOP-66NPI4H" name="batchExecutionOfBikesinTestNG.TC_RoyalEnfield_02" tests="2" failures="0" timestamp="2023-01-10T16:51:59 IST" time="182.993" errors="0">
  <testcase name="BookABike" time="93.896" classname="batchExecutionOfBikesinTestNG.TC_RoyalEnfield_02"/>
  <system-out/>
  <testcase name="BookABike" time="89.097" classname="batchExecutionOfBikesinTestNG.TC_RoyalEnfield_02"/>
  <system-out/>
</testsuite> <!-- batchExecutionOfBikesinTestNG.TC_RoyalEnfield_02 -->
