<?xml version="1.0" encoding="UTF-8"?>
<!-- Generated by org.testng.reporters.JUnitReportReporter -->
<testsuite skipped="0" hostname="DESKTOP-66NPI4H" name="testNG.RegisterUser" tests="3" failures="0" timestamp="2023-01-11T14:49:59 IST" time="33.658" errors="0">
  <testcase name="createuser" time="9.181" classname="testNG.RegisterUser"/>
  <system-out/>
  <testcase name="createuser" time="13.636" classname="testNG.RegisterUser"/>
  <system-out/>
  <testcase name="createuser" time="10.841" classname="testNG.RegisterUser"/>
  <system-out/>
</testsuite> <!-- testNG.RegisterUser -->
