<?xml version="1.0" encoding="UTF-8"?>
<!-- Generated by org.testng.reporters.JUnitReportReporter -->
<testsuite skipped="0" hostname="DESKTOP-66NPI4H" name="batchExecutionOfBikesinTestNG.Yamaha" tests="1" failures="0" timestamp="2023-01-03T13:27:46 IST" time="10.283" errors="0">
  <testcase name="BookABike" time="10.283" classname="batchExecutionOfBikesinTestNG.Yamaha"/>
  <system-out/>
</testsuite> <!-- batchExecutionOfBikesinTestNG.Yamaha -->
