<?xml version="1.0" encoding="UTF-8"?>
<!-- Generated by org.testng.reporters.JUnitReportReporter -->
<testsuite skipped="0" hostname="DESKTOP-66NPI4H" name="testNG.Sample" tests="1" failures="0" timestamp="2023-01-02T15:41:57 IST" time="14.390" errors="0">
  <testcase name="createAccount" time="14.390" classname="testNG.Sample"/>
  <system-out/>
</testsuite> <!-- testNG.Sample -->
