<?xml version="1.0" encoding="UTF-8"?>
<!-- Generated by org.testng.reporters.JUnitReportReporter -->
<testsuite skipped="0" hostname="DESKTOP-66NPI4H" name="batchExecutionOfBikesinTestNG.TC_Bajaj_01" tests="2" failures="0" timestamp="2023-01-10T16:51:59 IST" time="92.855" errors="0">
  <testcase name="BookABike" time="64.774" classname="batchExecutionOfBikesinTestNG.TC_Bajaj_01"/>
  <system-out/>
  <testcase name="BookABike" time="28.081" classname="batchExecutionOfBikesinTestNG.TC_Bajaj_01"/>
  <system-out/>
</testsuite> <!-- batchExecutionOfBikesinTestNG.TC_Bajaj_01 -->
