<?xml version="1.0" encoding="UTF-8"?>
<!-- Generated by org.testng.reporters.JUnitReportReporter -->
<testsuite skipped="0" hostname="DESKTOP-66NPI4H" name="batchExecutionOfBikesinTestNG.TC_KTM_04" tests="2" failures="0" timestamp="2023-01-10T16:51:59 IST" time="159.315" errors="0">
  <testcase name="BookABike" time="80.239" classname="batchExecutionOfBikesinTestNG.TC_KTM_04"/>
  <system-out/>
  <testcase name="BookABike" time="79.076" classname="batchExecutionOfBikesinTestNG.TC_KTM_04"/>
  <system-out/>
</testsuite> <!-- batchExecutionOfBikesinTestNG.TC_KTM_04 -->
