<?xml version="1.0" encoding="UTF-8"?>
<!-- Generated by org.testng.reporters.JUnitReportReporter -->
<testsuite skipped="0" hostname="DESKTOP-66NPI4H" name="batchExecutionOfBikesinTestNG.TC_Yamaha_03" tests="2" failures="0" timestamp="2023-01-10T16:51:59 IST" time="113.684" errors="0">
  <testcase name="BookABike" time="53.143" classname="batchExecutionOfBikesinTestNG.TC_Yamaha_03"/>
  <system-out/>
  <testcase name="BookABike" time="60.541" classname="batchExecutionOfBikesinTestNG.TC_Yamaha_03"/>
  <system-out/>
</testsuite> <!-- batchExecutionOfBikesinTestNG.TC_Yamaha_03 -->
