<?xml version="1.0" encoding="UTF-8"?>
<!-- Generated by org.testng.reporters.JUnitReportReporter -->
<testsuite skipped="0" hostname="DESKTOP-66NPI4H" name="testNG.PassTheURLUsingParametr" tests="1" failures="0" timestamp="2023-01-10T15:13:38 IST" time="11.778" errors="0">
  <testcase name="create" time="11.778" classname="testNG.PassTheURLUsingParametr"/>
  <system-out/>
</testsuite> <!-- testNG.PassTheURLUsingParametr -->
