<?xml version="1.0" encoding="UTF-8"?>
<!-- Generated by org.testng.reporters.JUnitReportReporter -->
<testsuite skipped="0" hostname="DESKTOP-66NPI4H" name="batchExecutionOfShoppinginTetsNG.TC_BlinkIt_05" tests="2" failures="0" timestamp="2023-01-10T16:51:59 IST" time="85.372" errors="0">
  <testcase name="Purchase" time="42.868" classname="batchExecutionOfShoppinginTetsNG.TC_BlinkIt_05"/>
  <system-out/>
  <testcase name="Purchase" time="42.504" classname="batchExecutionOfShoppinginTetsNG.TC_BlinkIt_05"/>
  <system-out/>
</testsuite> <!-- batchExecutionOfShoppinginTetsNG.TC_BlinkIt_05 -->
