<?xml version="1.0" encoding="UTF-8"?>
<!-- Generated by org.testng.reporters.JUnitReportReporter -->
<testsuite skipped="0" hostname="DESKTOP-66NPI4H" name="testNG.UsageOfReporter_log" tests="5" failures="0" timestamp="2023-01-10T10:52:34 IST" time="0.023" errors="0">
  <testcase name="modifyContact" time="0.017" classname="testNG.UsageOfReporter_log"/>
  <system-out>
FROM MODIFY CONTACT  </system-out>
  <testcase name="deleteContact" time="0.002" classname="testNG.UsageOfReporter_log"/>
  <system-out>
FROM DELETE CONTACT  </system-out>
  <testcase name="createContact" time="0.002" classname="testNG.UsageOfReporter_log"/>
  <system-out>
FROM CREATE CONTACT  </system-out>
  <testcase name="addContact" time="0.001" classname="testNG.UsageOfReporter_log"/>
  <system-out>
FROM ADD CONTACT  </system-out>
  <testcase name="editContact" time="0.001" classname="testNG.UsageOfReporter_log"/>
  <system-out>
FROM EDIT CONTACT  </system-out>
</testsuite> <!-- testNG.UsageOfReporter_log -->
