<?xml version="1.0" encoding="UTF-8"?>
<!-- Generated by org.testng.reporters.JUnitReportReporter -->
<testsuite skipped="0" hostname="DESKTOP-66NPI4H" name="testNG.Sample1" tests="4" failures="0" timestamp="2023-01-02T15:50:01 IST" time="67.264" errors="0">
  <testcase name="createAcnt" time="8.643" classname="testNG.Sample1"/>
  <system-out/>
  <testcase name="deleteAcnt" time="13.344" classname="testNG.Sample1"/>
  <system-out/>
  <testcase name="loginAcnt" time="30.283" classname="testNG.Sample1"/>
  <system-out/>
  <testcase name="modifyAcnt" time="14.994" classname="testNG.Sample1"/>
  <system-out/>
</testsuite> <!-- testNG.Sample1 -->
