<?xml version="1.0" encoding="UTF-8"?>
<!-- Generated by org.testng.reporters.JUnitReportReporter -->
<testsuite skipped="0" hostname="DESKTOP-66NPI4H" name="batchExecutionOfShoppinginTetsNG.TC_JioMart_07" tests="2" failures="0" timestamp="2023-01-10T16:51:59 IST" time="100.652" errors="0">
  <testcase name="Purchase" time="55.829" classname="batchExecutionOfShoppinginTetsNG.TC_JioMart_07"/>
  <system-out/>
  <testcase name="Purchase" time="44.823" classname="batchExecutionOfShoppinginTetsNG.TC_JioMart_07"/>
  <system-out/>
</testsuite> <!-- batchExecutionOfShoppinginTetsNG.TC_JioMart_07 -->
