<?xml version="1.0" encoding="UTF-8"?>
<!-- Generated by org.testng.reporters.JUnitReportReporter -->
<testsuite skipped="0" hostname="DESKTOP-66NPI4H" name="batchExecutionOfShoppinginTetsNG.JioMart" tests="1" failures="0" timestamp="2023-01-03T13:27:46 IST" time="10.571" errors="0">
  <testcase name="Purchase" time="10.571" classname="batchExecutionOfShoppinginTetsNG.JioMart"/>
  <system-out/>
</testsuite> <!-- batchExecutionOfShoppinginTetsNG.JioMart -->
