<?xml version="1.0" encoding="UTF-8"?>
<!-- Generated by org.testng.reporters.JUnitReportReporter -->
<testsuite skipped="0" hostname="DESKTOP-66NPI4H" name="ViaProjectScript.TCID_001_Destiation" tests="1" failures="0" timestamp="2023-01-20T15:53:14 IST" time="15.947" errors="0">
  <testcase name="Destinationloc" time="15.947" classname="ViaProjectScript.TCID_001_Destiation"/>
  <system-out>
Hotels home page should display Place holder should disapear  </system-out>
</testsuite> <!-- ViaProjectScript.TCID_001_Destiation -->
