<?xml version="1.0" encoding="UTF-8"?>
<!-- Generated by org.testng.reporters.JUnitReportReporter -->
<testsuite skipped="0" hostname="DESKTOP-66NPI4H" name="testNG.DataProviderwithActiTime" tests="2" failures="0" timestamp="2023-01-11T12:22:16 IST" time="30.807" errors="0">
  <testcase name="launchActitime" time="15.843" classname="testNG.DataProviderwithActiTime"/>
  <system-out/>
  <testcase name="launchActitime" time="14.964" classname="testNG.DataProviderwithActiTime"/>
  <system-out/>
</testsuite> <!-- testNG.DataProviderwithActiTime -->
