<?xml version="1.0" encoding="UTF-8"?>
<!-- Generated by org.testng.reporters.JUnitReportReporter -->
<testsuite skipped="0" hostname="DESKTOP-66NPI4H" name="testNG.ToUnderstandDependsOnMethods" tests="5" failures="0" timestamp="2023-01-03T15:24:43 IST" time="0.021" errors="0">
  <testcase name="modifyAccount" time="0.004" classname="testNG.ToUnderstandDependsOnMethods"/>
  <system-out>
FROM MODIFY ACCOUNT  </system-out>
  <testcase name="register" time="0.003" classname="testNG.ToUnderstandDependsOnMethods"/>
  <system-out>
FROM REGISTER ACCOUNT  </system-out>
  <testcase name="deleteAccount" time="0.010" classname="testNG.ToUnderstandDependsOnMethods"/>
  <system-out>
FROM DELETE CONTACT  </system-out>
  <testcase name="amountTransfer" time="0.001" classname="testNG.ToUnderstandDependsOnMethods"/>
  <system-out>
FROM EDIT CONTACT  </system-out>
  <testcase name="createAccount" time="0.003" classname="testNG.ToUnderstandDependsOnMethods"/>
  <system-out>
FROM CREATE ACCOUNT  </system-out>
</testsuite> <!-- testNG.ToUnderstandDependsOnMethods -->
