<?xml version="1.0" encoding="UTF-8"?>
<!-- Generated by org.testng.reporters.JUnitReportReporter -->
<testsuite skipped="0" hostname="DESKTOP-66NPI4H" name="batchExecutionOfShoppinginTetsNG.TC_Dmart_06" tests="2" failures="0" timestamp="2023-01-10T16:51:59 IST" time="49.371" errors="0">
  <testcase name="Purchase" time="21.948" classname="batchExecutionOfShoppinginTetsNG.TC_Dmart_06"/>
  <system-out/>
  <testcase name="Purchase" time="27.423" classname="batchExecutionOfShoppinginTetsNG.TC_Dmart_06"/>
  <system-out/>
</testsuite> <!-- batchExecutionOfShoppinginTetsNG.TC_Dmart_06 -->
